  midTerm.cpp
c:\users\sunhy\onedrive\문서\univ\2-1\date structure\4 queue\midterm\midterm\midterm.cpp(20): error C3867: 'std::queue<int,std::deque<_Ty,std::allocator<_Ty>>>::empty': 비표준 구문입니다. '&'를 사용하여 멤버 포인터를 만드세요.
          with
          [
              _Ty=int
          ]
c:\users\sunhy\onedrive\문서\univ\2-1\date structure\4 queue\midterm\midterm\midterm.cpp(21): error C2276: '!': 바인딩된 멤버 함수 식의 연산이 잘못되었습니다.
c:\users\sunhy\onedrive\문서\univ\2-1\date structure\4 queue\midterm\midterm\midterm.cpp(24): error C3867: 'std::queue<int,std::deque<_Ty,std::allocator<_Ty>>>::front': 비표준 구문입니다. '&'를 사용하여 멤버 포인터를 만드세요.
          with
          [
              _Ty=int
          ]
c:\users\sunhy\onedrive\문서\univ\2-1\date structure\4 queue\midterm\midterm\midterm.cpp(24): error C2568: '<': 함수 오버로드를 확인할 수 없습니다.
  c:\users\sunhy\onedrive\문서\univ\2-1\date structure\4 queue\midterm\midterm\midterm.cpp(24): note: 'const int &std::queue<int,std::deque<_Ty,std::allocator<_Ty>>>::front(void) const'일 수 있습니다.
          with
          [
              _Ty=int
          ]
  c:\users\sunhy\onedrive\문서\univ\2-1\date structure\4 queue\midterm\midterm\midterm.cpp(24): note: 또는       'int &std::queue<int,std::deque<_Ty,std::allocator<_Ty>>>::front(void)'
          with
          [
              _Ty=int
          ]
c:\users\sunhy\onedrive\문서\univ\2-1\date structure\4 queue\midterm\midterm\midterm.cpp(32): error C3867: 'std::queue<int,std::deque<_Ty,std::allocator<_Ty>>>::front': 비표준 구문입니다. '&'를 사용하여 멤버 포인터를 만드세요.
          with
          [
              _Ty=int
          ]
c:\users\sunhy\onedrive\문서\univ\2-1\date structure\4 queue\midterm\midterm\midterm.cpp(12): warning C4477: 'scanf' : 서식 문자열 '%lf'에 'double *' 형식의 인수가 필요하지만 variadic 인수 1의 형식이 'int *'입니다.
c:\users\sunhy\onedrive\문서\univ\2-1\date structure\4 queue\midterm\midterm\midterm.cpp(12): error C4996: 'scanf': This function or variable may be unsafe. Consider using scanf_s instead. To disable deprecation, use _CRT_SECURE_NO_WARNINGS. See online help for details.
  c:\program files (x86)\windows kits\10\include\10.0.17134.0\ucrt\stdio.h(1274): note: 'scanf' 선언을 참조하십시오.
c:\users\sunhy\onedrive\문서\univ\2-1\date structure\4 queue\midterm\midterm\midterm.cpp(16): warning C4477: 'scanf' : 서식 문자열 '%lf'에 'double *' 형식의 인수가 필요하지만 variadic 인수 1의 형식이 'int *'입니다.
c:\users\sunhy\onedrive\문서\univ\2-1\date structure\4 queue\midterm\midterm\midterm.cpp(16): error C4996: 'scanf': This function or variable may be unsafe. Consider using scanf_s instead. To disable deprecation, use _CRT_SECURE_NO_WARNINGS. See online help for details.
  c:\program files (x86)\windows kits\10\include\10.0.17134.0\ucrt\stdio.h(1274): note: 'scanf' 선언을 참조하십시오.
