  06장-TextEditor.cpp
c:\users\sunhy\onedrive\문서\univ\2-1\date structure\6 linked-list\lineeditor\lineeditor\line.h(13): error C4996: 'strcpy': This function or variable may be unsafe. Consider using strcpy_s instead. To disable deprecation, use _CRT_SECURE_NO_WARNINGS. See online help for details.
  c:\program files (x86)\windows kits\10\include\10.0.17134.0\ucrt\string.h(133): note: 'strcpy' 선언을 참조하십시오.
c:\users\sunhy\onedrive\문서\univ\2-1\date structure\6 linked-list\lineeditor\lineeditor\lineeditor.h(84): error C2678: 이항 '!=': 왼쪽 피연산자로 'std::ifstream' 형식을 사용하는 연산자가 없거나 허용되는 변환이 없습니다.
  c:\program files (x86)\microsoft visual studio\2017\community\vc\tools\msvc\14.14.26428\include\system_error(306): note: 'bool std::operator !=(const std::error_condition &,const std::error_condition &) noexcept'일 수 있습니다.
  c:\program files (x86)\microsoft visual studio\2017\community\vc\tools\msvc\14.14.26428\include\system_error(301): note: 또는       'bool std::operator !=(const std::error_condition &,const std::error_code &) noexcept'
  c:\program files (x86)\microsoft visual studio\2017\community\vc\tools\msvc\14.14.26428\include\system_error(296): note: 또는       'bool std::operator !=(const std::error_code &,const std::error_condition &) noexcept'
  c:\program files (x86)\microsoft visual studio\2017\community\vc\tools\msvc\14.14.26428\include\system_error(291): note: 또는       'bool std::operator !=(const std::error_code &,const std::error_code &) noexcept'
  c:\program files (x86)\microsoft visual studio\2017\community\vc\tools\msvc\14.14.26428\include\exception(345): note: 또는       'bool std::operator !=(const std::exception_ptr &,std::nullptr_t) noexcept'
  c:\program files (x86)\microsoft visual studio\2017\community\vc\tools\msvc\14.14.26428\include\exception(340): note: 또는       'bool std::operator !=(std::nullptr_t,const std::exception_ptr &) noexcept'
  c:\program files (x86)\microsoft visual studio\2017\community\vc\tools\msvc\14.14.26428\include\exception(335): note: 또는       'bool std::operator !=(const std::exception_ptr &,const std::exception_ptr &) noexcept'
  c:\users\sunhy\onedrive\문서\univ\2-1\date structure\6 linked-list\lineeditor\lineeditor\lineeditor.h(84): note: 또는       '기본 제공 C++ 연산자!=(bool, int)'일 수 있습니다.
  c:\users\sunhy\onedrive\문서\univ\2-1\date structure\6 linked-list\lineeditor\lineeditor\lineeditor.h(84): note: 인수 목록 '(std::ifstream, int)'을(를) 일치시키는 동안
c:\users\sunhy\onedrive\문서\univ\2-1\date structure\6 linked-list\lineeditor\lineeditor\lineeditor.h(100): error C2678: 이항 '!=': 왼쪽 피연산자로 'std::ofstream' 형식을 사용하는 연산자가 없거나 허용되는 변환이 없습니다.
  c:\program files (x86)\microsoft visual studio\2017\community\vc\tools\msvc\14.14.26428\include\system_error(306): note: 'bool std::operator !=(const std::error_condition &,const std::error_condition &) noexcept'일 수 있습니다.
  c:\program files (x86)\microsoft visual studio\2017\community\vc\tools\msvc\14.14.26428\include\system_error(301): note: 또는       'bool std::operator !=(const std::error_condition &,const std::error_code &) noexcept'
  c:\program files (x86)\microsoft visual studio\2017\community\vc\tools\msvc\14.14.26428\include\system_error(296): note: 또는       'bool std::operator !=(const std::error_code &,const std::error_condition &) noexcept'
  c:\program files (x86)\microsoft visual studio\2017\community\vc\tools\msvc\14.14.26428\include\system_error(291): note: 또는       'bool std::operator !=(const std::error_code &,const std::error_code &) noexcept'
  c:\program files (x86)\microsoft visual studio\2017\community\vc\tools\msvc\14.14.26428\include\exception(345): note: 또는       'bool std::operator !=(const std::exception_ptr &,std::nullptr_t) noexcept'
  c:\program files (x86)\microsoft visual studio\2017\community\vc\tools\msvc\14.14.26428\include\exception(340): note: 또는       'bool std::operator !=(std::nullptr_t,const std::exception_ptr &) noexcept'
  c:\program files (x86)\microsoft visual studio\2017\community\vc\tools\msvc\14.14.26428\include\exception(335): note: 또는       'bool std::operator !=(const std::exception_ptr &,const std::exception_ptr &) noexcept'
  c:\users\sunhy\onedrive\문서\univ\2-1\date structure\6 linked-list\lineeditor\lineeditor\lineeditor.h(100): note: 또는       '기본 제공 C++ 연산자!=(bool, int)'일 수 있습니다.
  c:\users\sunhy\onedrive\문서\univ\2-1\date structure\6 linked-list\lineeditor\lineeditor\lineeditor.h(100): note: 인수 목록 '(std::ofstream, int)'을(를) 일치시키는 동안
c:\users\sunhy\onedrive\문서\univ\2-1\date structure\6 linked-list\lineeditor\lineeditor\06장-texteditor.cpp(10): warning C4326: 'main'의 반환 형식이 'int'이어야 하는데 'void'입니다.
c:\users\sunhy\onedrive\문서\univ\2-1\date structure\6 linked-list\lineeditor\lineeditor\06장-texteditor.cpp(21): error C2664: 'void LineEditor::LoadFile(char *)': 인수 1을(를) 'const char [9]'에서 'char *'(으)로 변환할 수 없습니다.
  c:\users\sunhy\onedrive\문서\univ\2-1\date structure\6 linked-list\lineeditor\lineeditor\06장-texteditor.cpp(21): note: 문자열 리터럴로부터의 변환은 const 한정자가 손실됩니다(/Zc:strictStrings 참조).
c:\users\sunhy\onedrive\문서\univ\2-1\date structure\6 linked-list\lineeditor\lineeditor\06장-texteditor.cpp(22): error C2664: 'void LineEditor::StoreFile(char *)': 인수 1을(를) 'const char [9]'에서 'char *'(으)로 변환할 수 없습니다.
  c:\users\sunhy\onedrive\문서\univ\2-1\date structure\6 linked-list\lineeditor\lineeditor\06장-texteditor.cpp(22): note: 문자열 리터럴로부터의 변환은 const 한정자가 손실됩니다(/Zc:strictStrings 참조).
