  Complex.cpp
c:\users\sunhy\onedrive\문서\univ\2-1\date structure\complex\complex\complex.h(13): error C2440: '기본 인수': 'const char [12]'에서 'char *'(으)로 변환할 수 없습니다.
  c:\users\sunhy\onedrive\문서\univ\2-1\date structure\complex\complex\complex.h(13): note: 문자열 리터럴로부터의 변환은 const 한정자가 손실됩니다(/Zc:strictStrings 참조).
c:\users\sunhy\onedrive\문서\univ\2-1\date structure\complex\complex\complex.h(14): error C2440: '기본 인수': 'const char [12]'에서 'char *'(으)로 변환할 수 없습니다.
  c:\users\sunhy\onedrive\문서\univ\2-1\date structure\complex\complex\complex.h(14): note: 문자열 리터럴로부터의 변환은 const 한정자가 손실됩니다(/Zc:strictStrings 참조).
c:\users\sunhy\onedrive\문서\univ\2-1\date structure\complex\complex\complex.cpp(7): error C4996: 'scanf': This function or variable may be unsafe. Consider using scanf_s instead. To disable deprecation, use _CRT_SECURE_NO_WARNINGS. See online help for details.
  c:\program files (x86)\windows kits\10\include\10.0.17134.0\ucrt\stdio.h(1274): note: 'scanf' 선언을 참조하십시오.
  main.cpp
c:\users\sunhy\onedrive\문서\univ\2-1\date structure\complex\complex\complex.h(13): error C2440: '기본 인수': 'const char [12]'에서 'char *'(으)로 변환할 수 없습니다.
  c:\users\sunhy\onedrive\문서\univ\2-1\date structure\complex\complex\complex.h(13): note: 문자열 리터럴로부터의 변환은 const 한정자가 손실됩니다(/Zc:strictStrings 참조).
c:\users\sunhy\onedrive\문서\univ\2-1\date structure\complex\complex\complex.h(14): error C2440: '기본 인수': 'const char [12]'에서 'char *'(으)로 변환할 수 없습니다.
  c:\users\sunhy\onedrive\문서\univ\2-1\date structure\complex\complex\complex.h(14): note: 문자열 리터럴로부터의 변환은 const 한정자가 손실됩니다(/Zc:strictStrings 참조).
c:\users\sunhy\onedrive\문서\univ\2-1\date structure\complex\complex\main.cpp(6): warning C4326: 'main'의 반환 형식이 'int'이어야 하는데 'void'입니다.
c:\users\sunhy\onedrive\문서\univ\2-1\date structure\complex\complex\main.cpp(8): error C2664: 'void Complex::read(char *)': 인수 1을(를) 'const char [3]'에서 'char *'(으)로 변환할 수 없습니다.
  c:\users\sunhy\onedrive\문서\univ\2-1\date structure\complex\complex\main.cpp(8): note: 문자열 리터럴로부터의 변환은 const 한정자가 손실됩니다(/Zc:strictStrings 참조).
c:\users\sunhy\onedrive\문서\univ\2-1\date structure\complex\complex\main.cpp(9): error C2664: 'void Complex::read(char *)': 인수 1을(를) 'const char [3]'에서 'char *'(으)로 변환할 수 없습니다.
  c:\users\sunhy\onedrive\문서\univ\2-1\date structure\complex\complex\main.cpp(9): note: 문자열 리터럴로부터의 변환은 const 한정자가 손실됩니다(/Zc:strictStrings 참조).
c:\users\sunhy\onedrive\문서\univ\2-1\date structure\complex\complex\main.cpp(11): error C2664: 'void Complex::print(char *)': 인수 1을(를) 'const char [3]'에서 'char *'(으)로 변환할 수 없습니다.
  c:\users\sunhy\onedrive\문서\univ\2-1\date structure\complex\complex\main.cpp(11): note: 문자열 리터럴로부터의 변환은 const 한정자가 손실됩니다(/Zc:strictStrings 참조).
c:\users\sunhy\onedrive\문서\univ\2-1\date structure\complex\complex\main.cpp(12): error C2664: 'void Complex::print(char *)': 인수 1을(를) 'const char [3]'에서 'char *'(으)로 변환할 수 없습니다.
  c:\users\sunhy\onedrive\문서\univ\2-1\date structure\complex\complex\main.cpp(12): note: 문자열 리터럴로부터의 변환은 const 한정자가 손실됩니다(/Zc:strictStrings 참조).
c:\users\sunhy\onedrive\문서\univ\2-1\date structure\complex\complex\main.cpp(13): error C2664: 'void Complex::print(char *)': 인수 1을(를) 'const char [3]'에서 'char *'(으)로 변환할 수 없습니다.
  c:\users\sunhy\onedrive\문서\univ\2-1\date structure\complex\complex\main.cpp(13): note: 문자열 리터럴로부터의 변환은 const 한정자가 손실됩니다(/Zc:strictStrings 참조).
c:\users\sunhy\onedrive\문서\univ\2-1\date structure\complex\complex\main.cpp(15): error C3861: 'system': 식별자를 찾을 수 없습니다.
  코드를 생성하고 있습니다...
